TN:
SF:/var/projetos/cursos/rocketseat/desafio-modulo-03/app/middlewares/auth.js
FN:5,(anonymous_0)
FNF:1
FNH:1
FNDA:3,(anonymous_0)
DA:1,1
DA:2,1
DA:3,1
DA:5,1
DA:6,3
DA:8,3
DA:9,1
DA:12,2
DA:14,2
DA:15,0
DA:18,2
DA:19,2
DA:20,1
DA:21,1
DA:23,2
LF:15
LH:14
BRDA:8,0,0,1
BRDA:8,0,1,2
BRDA:14,1,0,0
BRDA:14,1,1,2
BRF:4
BRH:3
end_of_record
TN:
SF:/var/projetos/cursos/rocketseat/desafio-modulo-03/app/models/user.js
FN:31,test
FNF:1
FNH:0
FNDA:0,test
DA:1,1
DA:2,1
DA:3,1
DA:4,1
DA:6,1
DA:31,1
DA:32,0
DA:33,0
DA:35,0
DA:36,0
DA:39,1
DA:41,0
DA:44,1
DA:48,1
LF:14
LH:9
BRDA:32,0,0,0
BRDA:32,0,1,0
BRF:2
BRH:0
end_of_record
TN:
SF:/var/projetos/cursos/rocketseat/desafio-modulo-03/config/auth.js
FNF:0
FNH:0
DA:1,1
LF:1
LH:1
BRF:0
BRH:0
end_of_record
